0 info it worked if it ends with ok
1 verbose cli [ '/usr/bin/node', '/usr/bin/npm', 'run', 'docs' ]
2 info using npm@3.7.3
3 info using node@v5.9.1
4 verbose run-script [ 'predocs', 'docs', 'postdocs' ]
5 info lifecycle geocola-crud@0.1.0~predocs: geocola-crud@0.1.0
6 silly lifecycle geocola-crud@0.1.0~predocs: no script for predocs, continuing
7 info lifecycle geocola-crud@0.1.0~docs: geocola-crud@0.1.0
8 verbose lifecycle geocola-crud@0.1.0~docs: unsafe-perm in lifecycle true
9 verbose lifecycle geocola-crud@0.1.0~docs: PATH: /usr/lib64/node_modules/npm/bin/node-gyp-bin:/home/gregg/public_html/geocola-crud/node_modules/.bin:/usr/bin:/home/gregg/bin:/usr/local/bin:/usr/bin:/bin:/usr/bin/X11:/usr/games
10 verbose lifecycle geocola-crud@0.1.0~docs: CWD: /home/gregg/public_html/geocola-crud
11 silly lifecycle geocola-crud@0.1.0~docs: Args: [ '-c', 'documentjs --watch -d' ]
12 silly lifecycle geocola-crud@0.1.0~docs: Returned: code: 1  signal: null
13 info lifecycle geocola-crud@0.1.0~docs: Failed to exec docs script
14 verbose stack Error: geocola-crud@0.1.0 docs: `documentjs --watch -d`
14 verbose stack Exit status 1
14 verbose stack     at EventEmitter.<anonymous> (/usr/lib64/node_modules/npm/lib/utils/lifecycle.js:239:16)
14 verbose stack     at emitTwo (events.js:100:13)
14 verbose stack     at EventEmitter.emit (events.js:185:7)
14 verbose stack     at ChildProcess.<anonymous> (/usr/lib64/node_modules/npm/lib/utils/spawn.js:24:14)
14 verbose stack     at emitTwo (events.js:100:13)
14 verbose stack     at ChildProcess.emit (events.js:185:7)
14 verbose stack     at maybeClose (internal/child_process.js:850:16)
14 verbose stack     at Process.ChildProcess._handle.onexit (internal/child_process.js:215:5)
15 verbose pkgid geocola-crud@0.1.0
16 verbose cwd /home/gregg/public_html/geocola-crud
17 error Linux 4.1.21-14-default
18 error argv "/usr/bin/node" "/usr/bin/npm" "run" "docs"
19 error node v5.9.1
20 error npm  v3.7.3
21 error code ELIFECYCLE
22 error geocola-crud@0.1.0 docs: `documentjs --watch -d`
22 error Exit status 1
23 error Failed at the geocola-crud@0.1.0 docs script 'documentjs --watch -d'.
23 error Make sure you have the latest version of node.js and npm installed.
23 error If you do, this is most likely a problem with the geocola-crud package,
23 error not with npm itself.
23 error Tell the author that this fails on your system:
23 error     documentjs --watch -d
23 error You can get information on how to open an issue for this project with:
23 error     npm bugs geocola-crud
23 error Or if that isn't available, you can get their info via:
23 error     npm owner ls geocola-crud
23 error There is likely additional logging output above.
24 verbose exit [ 1, true ]
